<?xml version="1.0" encoding="UTF-8"?><testsuite errors="0" failures="0" name="com.bestbuy.bestbuyinfo.ProductCRUDtestWithSteps" skipped="0" tests="5" time="6.68" timestamp="2021-07-21T22:36:40.146+01:00[Europe/London]"><testcase classname="com.bestbuy.bestbuyinfo.ProductCRUDtestWithSteps" name="This will create a new Product and verify new id"/><testcase classname="com.bestbuy.bestbuyinfo.ProductCRUDtestWithSteps" name="This test will get the product information by ID"/><testcase classname="com.bestbuy.bestbuyinfo.ProductCRUDtestWithSteps" name="This test will update the product information and verify the updated information"/><testcase classname="com.bestbuy.bestbuyinfo.ProductCRUDtestWithSteps" name="This test will delete the product information and verify the product is deleted "/><testcase classname="com.bestbuy.bestbuyinfo.ProductCRUDtestWithSteps" name="This test will get all product from list"/></testsuite>